#
# There is insufficient memory for the Java Runtime Environment to continue.
# Native memory allocation (mmap) failed to map 130023424 bytes for Failed to commit area from 0x0000000084e00000 to 0x000000008ca00000 of length 130023424.
# Possible reasons:
#   The system is out of physical RAM or swap space
#   The process is running with CompressedOops enabled, and the Java Heap may be blocking the growth of the native heap
# Possible solutions:
#   Reduce memory load on the system
#   Increase physical memory or swap space
#   Check if swap backing store is full
#   Decrease Java heap size (-Xmx/-Xms)
#   Decrease number of Java threads
#   Decrease Java thread stack sizes (-Xss)
#   Set larger code cache with -XX:ReservedCodeCacheSize=
#   JVM is running with Unscaled Compressed Oops mode in which the Java heap is
#     placed in the first 4GB address space. The Java Heap base address is the
#     maximum limit for the native heap growth. Please use -XX:HeapBaseMinAddress
#     to set the Java Heap base and to place the Java Heap above 4GB virtual address.
# This output file may be truncated or incomplete.
#
#  Out of Memory Error (./open/src/hotspot/os/windows/os_windows.cpp:3315), pid=3264, tid=12464
#
# JRE version:  (14.0.1+7) (build )
# Java VM: Java HotSpot(TM) 64-Bit Server VM (14.0.1+7, mixed mode, sharing, tiered, compressed oops, g1 gc, windows-amd64)
# No core dump will be written. Minidumps are not enabled by default on client versions of Windows
#

---------------  S U M M A R Y ------------

Command Line: -ea -Didea.test.cyclic.buffer.size=1048576 -javaagent:C:\Program Files\JetBrains\IntelliJ IDEA Educational Edition 2020.1\lib\idea_rt.jar=62785:C:\Program Files\JetBrains\IntelliJ IDEA Educational Edition 2020.1\bin -Dfile.encoding=UTF-8 com.intellij.rt.junit.JUnitStarter -ideVersion5 -junit4 company.RegistrationTest

Host: Intel(R) Core(TM) i5-4300U CPU @ 1.90GHz, 4 cores, 7G,  Windows 10 , 64 bit Build 17763 (10.0.17763.1339)
Time: Tue Nov  3 09:11:45 2020 Oeieyiaey (ceia) elapsed time: 0 seconds (0d 0h 0m 0s)

---------------  T H R E A D  ---------------

Current thread (0x00000164ee7c4800):  JavaThread "Unknown thread" [_thread_in_vm, id=12464, stack(0x00000063f4400000,0x00000063f4500000)]

Stack: [0x00000063f4400000,0x00000063f4500000]
Native frames: (J=compiled Java code, j=interpreted, Vv=VM code, C=native code)
V  [jvm.dll+0x5f840a]
V  [jvm.dll+0x741e4a]
V  [jvm.dll+0x7435ff]
V  [jvm.dll+0x743c43]
V  [jvm.dll+0x20d288]
V  [jvm.dll+0x5f57ba]
V  [jvm.dll+0x5ea615]
V  [jvm.dll+0x2c7e9c]
V  [jvm.dll+0x2c7cd2]
V  [jvm.dll+0x2cdbbc]
V  [jvm.dll+0x313ff8]
V  [jvm.dll+0x313720]
V  [jvm.dll+0x2a092a]
V  [jvm.dll+0x2a1a79]
V  [jvm.dll+0x71f718]
V  [jvm.dll+0x321c44]
V  [jvm.dll+0x700b0c]
V  [jvm.dll+0x392dff]
V  [jvm.dll+0x394e71]
C  [jli.dll+0x523b]
C  [ucrtbase.dll+0x21ffa]
C  [KERNEL32.DLL+0x17974]
C  [ntdll.dll+0x6a271]


---------------  P R O C E S S  ---------------

Threads class SMR info:
_java_thread_list=0x00007fffe8ae3078, length=0, elements={
}

Java Threads: ( => current thread )

Other Threads:
  0x00000164ee806000 GCTaskThread "GC Thread#0" [stack: 0x00000063f4500000,0x00000063f4600000] [id=1272]
  0x00000164ee818000 ConcurrentGCThread "G1 Main Marker" [stack: 0x00000063f4600000,0x00000063f4700000] [id=6284]
  0x00000164ee819000 ConcurrentGCThread "G1 Conc#0" [stack: 0x00000063f4700000,0x00000063f4800000] [id=6808]

[error occurred during error reporting (printing all threads), id 0xc0000005, EXCEPTION_ACCESS_VIOLATION (0xc0000005) at pc=0x00007fffe8311257]

VM state:not at safepoint (not fully initialized)

VM Mutex/Monitor currently owned by a thread:  ([mutex/lock_event])
[0x00000164ee7bf550] Heap_lock - owner thread: 0x00000164ee7c4800

Heap address: 0x0000000084e00000, size: 1970 MB, Compressed Oops mode: 32-bit
Narrow klass base: 0x0000000000000000, Narrow klass shift: 0

GC Heap History (0 events):
No events

Deoptimization events (0 events):
No events

Classes unloaded (0 events):
No events

Classes redefined (0 events):
No events

Internal exceptions (0 events):
No events

Events (2 events):
Event: 0.058 Loaded shared library C:\Program Files\Java\jdk-14.0.1\bin\java.dll
Event: 0.059 Loaded shared library C:\Program Files\Java\jdk-14.0.1\bin\zip.dll


Dynamic libraries:
0x00007ff6a3720000 - 0x00007ff6a372f000 	C:\Program Files\Java\jdk-14.0.1\bin\java.exe
0x00007ff832390000 - 0x00007ff83257d000 	C:\Windows\SYSTEM32\ntdll.dll
0x00007ff82fc70000 - 0x00007ff82fd23000 	C:\Windows\System32\KERNEL32.DLL
0x00007ff82efa0000 - 0x00007ff82f234000 	C:\Windows\System32\KERNELBASE.dll
0x00007ff82f440000 - 0x00007ff82f53a000 	C:\Windows\System32\ucrtbase.dll
0x00007ff820180000 - 0x00007ff820198000 	C:\Program Files\Java\jdk-14.0.1\bin\jli.dll
0x00007ff830450000 - 0x00007ff8304f3000 	C:\Windows\System32\ADVAPI32.dll
0x00007ff82f870000 - 0x00007ff82f90e000 	C:\Windows\System32\msvcrt.dll
0x00007ff830500000 - 0x00007ff83059e000 	C:\Windows\System32\sechost.dll
0x00007ff82f740000 - 0x00007ff82f862000 	C:\Windows\System32\RPCRT4.dll
0x00007ff82f920000 - 0x00007ff82fab7000 	C:\Windows\System32\USER32.dll
0x00007ff82ebd0000 - 0x00007ff82ebf0000 	C:\Windows\System32\win32u.dll
0x00007ff830800000 - 0x00007ff830829000 	C:\Windows\System32\GDI32.dll
0x00007ff82f2a0000 - 0x00007ff82f43b000 	C:\Windows\System32\gdi32full.dll
0x00007ff82ee50000 - 0x00007ff82eef0000 	C:\Windows\System32\msvcp_win.dll
0x00007ff819260000 - 0x00007ff819275000 	C:\Program Files\Java\jdk-14.0.1\bin\VCRUNTIME140.dll
0x00007ff8176a0000 - 0x00007ff817919000 	C:\Windows\WinSxS\amd64_microsoft.windows.common-controls_6595b64144ccf1df_6.0.17763.1397_none_de7645305346d5dc\COMCTL32.dll
0x00007ff830110000 - 0x00007ff83043c000 	C:\Windows\System32\combase.dll
0x00007ff82ebf0000 - 0x00007ff82ec6e000 	C:\Windows\System32\bcryptPrimitives.dll
0x00007ff81f550000 - 0x00007ff81f55a000 	C:\Windows\SYSTEM32\VERSION.dll
0x00007ff82f5b0000 - 0x00007ff82f5de000 	C:\Windows\System32\IMM32.DLL
0x00007ff819060000 - 0x00007ff8190fb000 	C:\Program Files\Java\jdk-14.0.1\bin\msvcp140.dll
0x00007fffe8060000 - 0x00007fffe8b7e000 	C:\Program Files\Java\jdk-14.0.1\bin\server\jvm.dll
0x00007ff82f5e0000 - 0x00007ff82f5e8000 	C:\Windows\System32\PSAPI.DLL
0x00007ff82a540000 - 0x00007ff82a549000 	C:\Windows\SYSTEM32\WSOCK32.dll
0x00007ff830730000 - 0x00007ff83079d000 	C:\Windows\System32\WS2_32.dll
0x00007ff829960000 - 0x00007ff829984000 	C:\Windows\SYSTEM32\WINMM.dll
0x00007ff829920000 - 0x00007ff82994d000 	C:\Windows\SYSTEM32\WINMMBASE.dll
0x00007ff82f540000 - 0x00007ff82f58a000 	C:\Windows\System32\cfgmgr32.dll
0x00007ff82e370000 - 0x00007ff82e381000 	C:\Windows\System32\kernel.appcore.dll
0x00007ff82a590000 - 0x00007ff82a59a000 	C:\Program Files\Java\jdk-14.0.1\bin\jimage.dll
0x00007ff80f500000 - 0x00007ff80f6ed000 	C:\Windows\SYSTEM32\DBGHELP.DLL
0x00007ff80e590000 - 0x00007ff80e5ba000 	C:\Windows\SYSTEM32\dbgcore.DLL
0x00007ff820170000 - 0x00007ff82017e000 	C:\Program Files\Java\jdk-14.0.1\bin\instrument.dll
0x00007ff819030000 - 0x00007ff819055000 	C:\Program Files\Java\jdk-14.0.1\bin\java.dll
0x00007ff819010000 - 0x00007ff819026000 	C:\Program Files\Java\jdk-14.0.1\bin\zip.dll

dbghelp: loaded successfully - version: 4.0.5 - missing functions: none
symbol engine: initialized successfully - sym options: 0x614 - pdb path: .;C:\Program Files\Java\jdk-14.0.1\bin;C:\Windows\SYSTEM32;C:\Windows\WinSxS\amd64_microsoft.windows.common-controls_6595b64144ccf1df_6.0.17763.1397_none_de7645305346d5dc;C:\Program Files\Java\jdk-14.0.1\bin\server

VM Arguments:
jvm_args: -ea -Didea.test.cyclic.buffer.size=1048576 -javaagent:C:\Program Files\JetBrains\IntelliJ IDEA Educational Edition 2020.1\lib\idea_rt.jar=62785:C:\Program Files\JetBrains\IntelliJ IDEA Educational Edition 2020.1\bin -Dfile.encoding=UTF-8 
java_command: com.intellij.rt.junit.JUnitStarter -ideVersion5 -junit4 company.RegistrationTest
java_class_path (initial): C:\Program Files\JetBrains\IntelliJ IDEA Educational Edition 2020.1\lib\idea_rt.jar;C:\Program Files\JetBrains\IntelliJ IDEA Educational Edition 2020.1\plugins\junit\lib\junit5-rt.jar;C:\Program Files\JetBrains\IntelliJ IDEA Educational Edition 2020.1\plugins\junit\lib\junit-rt.jar;C:\Project_Test\src\Homework 15 Registration!\target\test-classes;C:\Project_Test\src\Homework 15 Registration!\target\classes;C:\Users\Assa\.m2\repository\org\seleniumhq\selenium\selenium-java\3.14.0\selenium-java-3.14.0.jar;C:\Users\Assa\.m2\repository\org\seleniumhq\selenium\selenium-api\3.14.0\selenium-api-3.14.0.jar;C:\Users\Assa\.m2\repository\org\seleniumhq\selenium\selenium-edge-driver\3.14.0\selenium-edge-driver-3.14.0.jar;C:\Users\Assa\.m2\repository\org\seleniumhq\selenium\selenium-firefox-driver\3.14.0\selenium-firefox-driver-3.14.0.jar;C:\Users\Assa\.m2\repository\org\seleniumhq\selenium\selenium-ie-driver\3.14.0\selenium-ie-driver-3.14.0.jar;C:\Users\Assa\.m2\repository\org\seleniumhq\selenium\selenium-opera-driver\3.14.0\selenium-opera-driver-3.14.0.jar;C:\Users\Assa\.m2\repository\org\seleniumhq\selenium\selenium-remote-driver\3.14.0\selenium-remote-driver-3.14.0.jar;C:\Users\Assa\.m2\repository\org\seleniumhq\selenium\selenium-safari-driver\3.14.0\selenium-safari-driver-3.14.0.jar;C:\Users\Assa\.m2\repository\org\seleniumhq\selenium\selenium-support\3.14.0\selenium-support-3.14.0.jar;C:\Users\Assa\.m2\repository\net\bytebuddy\byte-buddy\1.8.15\byte-buddy-1.8.15.jar;C:\Users\Assa\.m2\repository\org\apache\commons\commons-exec\1.3\commons-exec-1.3.jar;C:\Users\Assa\.m2\repository\commons-codec\commons-codec\1.10\commons-codec-1.10.jar;C:\Users\Assa\.m2\repository\commons-logging\commons-logging\1.2\commons-logging-1.2.jar;C:\Users\Assa\.m2\repository\com\google\guava\guava\25.0-jre\guava-25.0-jre.jar;C:\Users\Assa\.m2\repository\com\google\code\findbugs\jsr305\1.3.9\jsr305-1.3.9.jar;C:\Users\Assa\.m2\repository\org\checkerframework\checker-compa
Launcher Type: SUN_STANDARD

[Global flags]
     intx CICompilerCount                          = 3                                         {product} {ergonomic}
     uint ConcGCThreads                            = 1                                         {product} {ergonomic}
     uint G1ConcRefinementThreads                  = 4                                         {product} {ergonomic}
   size_t G1HeapRegionSize                         = 1048576                                   {product} {ergonomic}
    uintx GCDrainStackTargetSize                   = 64                                        {product} {ergonomic}
   size_t InitialHeapSize                          = 130023424                                 {product} {ergonomic}
   size_t MarkStackSize                            = 4194304                                   {product} {ergonomic}
   size_t MaxHeapSize                              = 2065694720                                {product} {ergonomic}
   size_t MinHeapDeltaBytes                        = 1048576                                   {product} {ergonomic}
   size_t MinHeapSize                              = 8388608                                   {product} {ergonomic}
    uintx NonNMethodCodeHeapSize                   = 5832780                                {pd product} {ergonomic}
    uintx NonProfiledCodeHeapSize                  = 122912730                              {pd product} {ergonomic}
    uintx ProfiledCodeHeapSize                     = 122912730                              {pd product} {ergonomic}
    uintx ReservedCodeCacheSize                    = 251658240                              {pd product} {ergonomic}
     bool SegmentedCodeCache                       = true                                      {product} {ergonomic}
   size_t SoftMaxHeapSize                          = 2065694720                             {manageable} {ergonomic}
     bool UseCompressedClassPointers               = true                                 {lp64_product} {ergonomic}
     bool UseCompressedOops                        = true                                 {lp64_product} {ergonomic}
     bool UseG1GC                                  = true                                      {product} {ergonomic}
     bool UseLargePagesIndividualAllocation        = false                                  {pd product} {ergonomic}

Logging:
Log output configuration:
 #0: stdout all=warning uptime,level,tags
 #1: stderr all=off uptime,level,tags

Environment Variables:
JAVA_HOME=C:\Program Files\Java\jre1.8.0_261\bin
PATH=C:\Program Files (x86)\Common Files\Oracle\Java\javapath;C:\Python38\Scripts\;C:\Python38\;c:\Program Files\Java\jdk-14.0.1\;C:\Program Files\Git\cmd;C:\ProgramData\chocolatey\bin;C:\Program Files\Maven\apache-maven-3.6.3bin;C:\Program Files\apache-maven-3.6.3\bin;C:\Program Files\MySQL\MySQL Shell 8.0\bin\;C:\Program Files\Java\jdk-10.0.2\bin;C:\Users\Assa\AppData\Local\Microsoft\WindowsApps;c:\Program Files\Java\jdk-14.0.1\\bin;C:\Program Files\Maven\apache-maven-3.6.3bin;C:\Program Files\apache-maven-3.6.3\bin;C:\Program Files\Java\jre1.8.0_261\bin;
USERNAME=Assa
OS=Windows_NT
PROCESSOR_IDENTIFIER=Intel64 Family 6 Model 69 Stepping 1, GenuineIntel



---------------  S Y S T E M  ---------------

OS: Windows 10 , 64 bit Build 17763 (10.0.17763.1339)
OS uptime: 0 days 13:18 hours

CPU:total 4 (initial active 4) (2 cores per cpu, 2 threads per core) family 6 model 69 stepping 1, cmov, cx8, fxsr, mmx, sse, sse2, sse3, ssse3, sse4.1, sse4.2, popcnt, avx, avx2, aes, clmul, erms, lzcnt, ht, tsc, tscinvbit, bmi1, bmi2, fma

Memory: 4k page, system-wide physical 7879M (2153M free)
TotalPageFile size 8679M (AvailPageFile size 76M)
current process WorkingSet (physical memory assigned to process): 10M, peak: 10M
current process commit charge ("private bytes"): 52M, peak: 175M

vm_info: Java HotSpot(TM) 64-Bit Server VM (14.0.1+7) for windows-amd64 JRE (14.0.1+7), built on Mar  5 2020 10:30:14 by "mach5one" with MS VC++ 15.9 (VS2017)

END.
