#
# There is insufficient memory for the Java Runtime Environment to continue.
# Native memory allocation (mmap) failed to map 130023424 bytes for Failed to commit area from 0x0000000084e00000 to 0x000000008ca00000 of length 130023424.
# Possible reasons:
#   The system is out of physical RAM or swap space
#   The process is running with CompressedOops enabled, and the Java Heap may be blocking the growth of the native heap
# Possible solutions:
#   Reduce memory load on the system
#   Increase physical memory or swap space
#   Check if swap backing store is full
#   Decrease Java heap size (-Xmx/-Xms)
#   Decrease number of Java threads
#   Decrease Java thread stack sizes (-Xss)
#   Set larger code cache with -XX:ReservedCodeCacheSize=
#   JVM is running with Unscaled Compressed Oops mode in which the Java heap is
#     placed in the first 4GB address space. The Java Heap base address is the
#     maximum limit for the native heap growth. Please use -XX:HeapBaseMinAddress
#     to set the Java Heap base and to place the Java Heap above 4GB virtual address.
# This output file may be truncated or incomplete.
#
#  Out of Memory Error (./open/src/hotspot/os/windows/os_windows.cpp:3315), pid=228, tid=116
#
# JRE version:  (14.0.1+7) (build )
# Java VM: Java HotSpot(TM) 64-Bit Server VM (14.0.1+7, mixed mode, sharing, tiered, compressed oops, g1 gc, windows-amd64)
# No core dump will be written. Minidumps are not enabled by default on client versions of Windows
#

---------------  S U M M A R Y ------------

Command Line: -agentlib:jdwp=transport=dt_socket,address=127.0.0.1:53098,suspend=y,server=n -ea -Didea.test.cyclic.buffer.size=1048576 -javaagent:C:\Users\Assa\AppData\Local\JetBrains\IdeaIE2020.1\captureAgent\debugger-agent.jar -Dfile.encoding=UTF-8 com.intellij.rt.junit.JUnitStarter -ideVersion5 -junit4 company.MainPageTest,canCheckTotalPriceForShirt

Host: Intel(R) Core(TM) i5-4300U CPU @ 1.90GHz, 4 cores, 7G,  Windows 10 , 64 bit Build 17763 (10.0.17763.1339)
Time: Sun Nov  1 18:06:24 2020 Oeieyiaey (ceia) elapsed time: 0 seconds (0d 0h 0m 0s)

---------------  T H R E A D  ---------------

Current thread (0x0000025af6216800):  JavaThread "Unknown thread" [_thread_in_vm, id=116, stack(0x0000007003d00000,0x0000007003e00000)]

Stack: [0x0000007003d00000,0x0000007003e00000]
Native frames: (J=compiled Java code, j=interpreted, Vv=VM code, C=native code)
V  [jvm.dll+0x5f840a]
V  [jvm.dll+0x741e4a]
V  [jvm.dll+0x7435ff]
V  [jvm.dll+0x743c43]
V  [jvm.dll+0x20d288]
V  [jvm.dll+0x5f57ba]
V  [jvm.dll+0x5ea615]
V  [jvm.dll+0x2c7e9c]
V  [jvm.dll+0x2c7cd2]
V  [jvm.dll+0x2cdbbc]
V  [jvm.dll+0x313ff8]
V  [jvm.dll+0x313720]
V  [jvm.dll+0x2a092a]
V  [jvm.dll+0x2a1a79]
V  [jvm.dll+0x71f718]
V  [jvm.dll+0x321c44]
V  [jvm.dll+0x700b0c]
V  [jvm.dll+0x392dff]
V  [jvm.dll+0x394e71]
C  [jli.dll+0x523b]
C  [ucrtbase.dll+0x21ffa]
C  [KERNEL32.DLL+0x17974]
C  [ntdll.dll+0x6a271]


---------------  P R O C E S S  ---------------

Threads class SMR info:
_java_thread_list=0x00007ff9c3d93078, length=0, elements={
}

Java Threads: ( => current thread )

Other Threads:
  0x0000025af6258000 GCTaskThread "GC Thread#0" [stack: 0x0000007003e00000,0x0000007003f00000] [id=3440]
  0x0000025af626b000 ConcurrentGCThread "G1 Main Marker" [stack: 0x0000007003f00000,0x0000007004000000] [id=3460]
  0x0000025af626c800 ConcurrentGCThread "G1 Conc#0" [stack: 0x0000007004000000,0x0000007004100000] [id=632]

[error occurred during error reporting (printing all threads), id 0xc0000005, EXCEPTION_ACCESS_VIOLATION (0xc0000005) at pc=0x00007ff9c35c1257]

VM state:not at safepoint (not fully initialized)

VM Mutex/Monitor currently owned by a thread:  ([mutex/lock_event])
[0x0000025af6214430] Heap_lock - owner thread: 0x0000025af6216800

Heap address: 0x0000000084e00000, size: 1970 MB, Compressed Oops mode: 32-bit
Narrow klass base: 0x0000000000000000, Narrow klass shift: 0

GC Heap History (0 events):
No events

Deoptimization events (0 events):
No events

Classes unloaded (0 events):
No events

Classes redefined (0 events):
No events

Internal exceptions (0 events):
No events

Events (2 events):
Event: 0.024 Loaded shared library C:\Program Files\Java\jdk-14.0.1\bin\java.dll
Event: 0.025 Loaded shared library C:\Program Files\Java\jdk-14.0.1\bin\zip.dll


Dynamic libraries:
0x00007ff6ad4f0000 - 0x00007ff6ad4ff000 	C:\Program Files\Java\jdk-14.0.1\bin\java.exe
0x00007ff9f7bb0000 - 0x00007ff9f7d9d000 	C:\Windows\SYSTEM32\ntdll.dll
0x00007ff9f6540000 - 0x00007ff9f65f3000 	C:\Windows\System32\KERNEL32.DLL
0x00007ff9f4900000 - 0x00007ff9f4b94000 	C:\Windows\System32\KERNELBASE.dll
0x00007ff9f3d90000 - 0x00007ff9f3e8a000 	C:\Windows\System32\ucrtbase.dll
0x00007ff9ee7a0000 - 0x00007ff9ee7b8000 	C:\Program Files\Java\jdk-14.0.1\bin\jli.dll
0x00007ff9f7730000 - 0x00007ff9f77d3000 	C:\Windows\System32\ADVAPI32.dll
0x00007ff9f64a0000 - 0x00007ff9f653e000 	C:\Windows\System32\msvcrt.dll
0x00007ff9f6400000 - 0x00007ff9f649e000 	C:\Windows\System32\sechost.dll
0x00007ff9f73c0000 - 0x00007ff9f74e2000 	C:\Windows\System32\RPCRT4.dll
0x00007ff9f77f0000 - 0x00007ff9f7987000 	C:\Windows\System32\USER32.dll
0x00007ff9f4840000 - 0x00007ff9f4860000 	C:\Windows\System32\win32u.dll
0x00007ff9f7500000 - 0x00007ff9f7529000 	C:\Windows\System32\GDI32.dll
0x00007ff9f46a0000 - 0x00007ff9f483b000 	C:\Windows\System32\gdi32full.dll
0x00007ff9f4860000 - 0x00007ff9f4900000 	C:\Windows\System32\msvcp_win.dll
0x00007ff9eec80000 - 0x00007ff9eec95000 	C:\Program Files\Java\jdk-14.0.1\bin\VCRUNTIME140.dll
0x00007ff9dc360000 - 0x00007ff9dc5d9000 	C:\Windows\WinSxS\amd64_microsoft.windows.common-controls_6595b64144ccf1df_6.0.17763.1397_none_de7645305346d5dc\COMCTL32.dll
0x00007ff9f6660000 - 0x00007ff9f698c000 	C:\Windows\System32\combase.dll
0x00007ff9f3c60000 - 0x00007ff9f3cde000 	C:\Windows\System32\bcryptPrimitives.dll
0x00007ff9e4a50000 - 0x00007ff9e4a5a000 	C:\Windows\SYSTEM32\VERSION.dll
0x00007ff9f7700000 - 0x00007ff9f772e000 	C:\Windows\System32\IMM32.DLL
0x00007ff9ed630000 - 0x00007ff9ed6cb000 	C:\Program Files\Java\jdk-14.0.1\bin\msvcp140.dll
0x00007ff9c3310000 - 0x00007ff9c3e2e000 	C:\Program Files\Java\jdk-14.0.1\bin\server\jvm.dll
0x00007ff9f77e0000 - 0x00007ff9f77e8000 	C:\Windows\System32\PSAPI.DLL
0x00007ff9ef190000 - 0x00007ff9ef199000 	C:\Windows\SYSTEM32\WSOCK32.dll
0x00007ff9f7180000 - 0x00007ff9f71ed000 	C:\Windows\System32\WS2_32.dll
0x00007ff9ef140000 - 0x00007ff9ef164000 	C:\Windows\SYSTEM32\WINMM.dll
0x00007ff9ef110000 - 0x00007ff9ef13d000 	C:\Windows\SYSTEM32\WINMMBASE.dll
0x00007ff9f4ba0000 - 0x00007ff9f4bea000 	C:\Windows\System32\cfgmgr32.dll
0x00007ff9f3b90000 - 0x00007ff9f3ba1000 	C:\Windows\System32\kernel.appcore.dll
0x00007ff9efce0000 - 0x00007ff9efcea000 	C:\Program Files\Java\jdk-14.0.1\bin\jimage.dll
0x00007ff9d5460000 - 0x00007ff9d564d000 	C:\Windows\SYSTEM32\DBGHELP.DLL
0x00007ff9d53e0000 - 0x00007ff9d540a000 	C:\Windows\SYSTEM32\dbgcore.DLL
0x00007ff9ecdb0000 - 0x00007ff9ecde8000 	C:\Program Files\Java\jdk-14.0.1\bin\jdwp.dll
0x00007ff9ed600000 - 0x00007ff9ed625000 	C:\Program Files\Java\jdk-14.0.1\bin\java.dll
0x00007ff9ee770000 - 0x00007ff9ee77e000 	C:\Program Files\Java\jdk-14.0.1\bin\instrument.dll
0x00007ff9ed5e0000 - 0x00007ff9ed5f6000 	C:\Program Files\Java\jdk-14.0.1\bin\zip.dll

dbghelp: loaded successfully - version: 4.0.5 - missing functions: none
symbol engine: initialized successfully - sym options: 0x614 - pdb path: .;C:\Program Files\Java\jdk-14.0.1\bin;C:\Windows\SYSTEM32;C:\Windows\WinSxS\amd64_microsoft.windows.common-controls_6595b64144ccf1df_6.0.17763.1397_none_de7645305346d5dc;C:\Program Files\Java\jdk-14.0.1\bin\server

VM Arguments:
jvm_args: -agentlib:jdwp=transport=dt_socket,address=127.0.0.1:53098,suspend=y,server=n -ea -Didea.test.cyclic.buffer.size=1048576 -javaagent:C:\Users\Assa\AppData\Local\JetBrains\IdeaIE2020.1\captureAgent\debugger-agent.jar -Dfile.encoding=UTF-8 
java_command: com.intellij.rt.junit.JUnitStarter -ideVersion5 -junit4 company.MainPageTest,canCheckTotalPriceForShirt
java_class_path (initial): C:\Program Files\JetBrains\IntelliJ IDEA Educational Edition 2020.1\lib\idea_rt.jar;C:\Program Files\JetBrains\IntelliJ IDEA Educational Edition 2020.1\plugins\junit\lib\junit5-rt.jar;C:\Program Files\JetBrains\IntelliJ IDEA Educational Edition 2020.1\plugins\junit\lib\junit-rt.jar;C:\Project_Test\src\Homework 15 Registration!\target\test-classes;C:\Project_Test\src\Homework 15 Registration!\target\classes;C:\Users\Assa\.m2\repository\org\seleniumhq\selenium\selenium-java\3.14.0\selenium-java-3.14.0.jar;C:\Users\Assa\.m2\repository\org\seleniumhq\selenium\selenium-api\3.14.0\selenium-api-3.14.0.jar;C:\Users\Assa\.m2\repository\org\seleniumhq\selenium\selenium-edge-driver\3.14.0\selenium-edge-driver-3.14.0.jar;C:\Users\Assa\.m2\repository\org\seleniumhq\selenium\selenium-firefox-driver\3.14.0\selenium-firefox-driver-3.14.0.jar;C:\Users\Assa\.m2\repository\org\seleniumhq\selenium\selenium-ie-driver\3.14.0\selenium-ie-driver-3.14.0.jar;C:\Users\Assa\.m2\repository\org\seleniumhq\selenium\selenium-opera-driver\3.14.0\selenium-opera-driver-3.14.0.jar;C:\Users\Assa\.m2\repository\org\seleniumhq\selenium\selenium-remote-driver\3.14.0\selenium-remote-driver-3.14.0.jar;C:\Users\Assa\.m2\repository\org\seleniumhq\selenium\selenium-safari-driver\3.14.0\selenium-safari-driver-3.14.0.jar;C:\Users\Assa\.m2\repository\org\seleniumhq\selenium\selenium-support\3.14.0\selenium-support-3.14.0.jar;C:\Users\Assa\.m2\repository\net\bytebuddy\byte-buddy\1.8.15\byte-buddy-1.8.15.jar;C:\Users\Assa\.m2\repository\org\apache\commons\commons-exec\1.3\commons-exec-1.3.jar;C:\Users\Assa\.m2\repository\commons-codec\commons-codec\1.10\commons-codec-1.10.jar;C:\Users\Assa\.m2\repository\commons-logging\commons-logging\1.2\commons-logging-1.2.jar;C:\Users\Assa\.m2\repository\com\google\guava\guava\25.0-jre\guava-25.0-jre.jar;C:\Users\Assa\.m2\repository\com\google\code\findbugs\jsr305\1.3.9\jsr305-1.3.9.jar;C:\Users\Assa\.m2\repository\org\checkerframework\checker-compa
Launcher Type: SUN_STANDARD

[Global flags]
     intx CICompilerCount                          = 3                                         {product} {ergonomic}
     uint ConcGCThreads                            = 1                                         {product} {ergonomic}
     uint G1ConcRefinementThreads                  = 4                                         {product} {ergonomic}
   size_t G1HeapRegionSize                         = 1048576                                   {product} {ergonomic}
    uintx GCDrainStackTargetSize                   = 64                                        {product} {ergonomic}
   size_t InitialHeapSize                          = 130023424                                 {product} {ergonomic}
   size_t MarkStackSize                            = 4194304                                   {product} {ergonomic}
   size_t MaxHeapSize                              = 2065694720                                {product} {ergonomic}
   size_t MinHeapDeltaBytes                        = 1048576                                   {product} {ergonomic}
   size_t MinHeapSize                              = 8388608                                   {product} {ergonomic}
    uintx NonNMethodCodeHeapSize                   = 5832780                                {pd product} {ergonomic}
    uintx NonProfiledCodeHeapSize                  = 122912730                              {pd product} {ergonomic}
    uintx ProfiledCodeHeapSize                     = 122912730                              {pd product} {ergonomic}
    uintx ReservedCodeCacheSize                    = 251658240                              {pd product} {ergonomic}
     bool SegmentedCodeCache                       = true                                      {product} {ergonomic}
   size_t SoftMaxHeapSize                          = 2065694720                             {manageable} {ergonomic}
     bool UseCompressedClassPointers               = true                                 {lp64_product} {ergonomic}
     bool UseCompressedOops                        = true                                 {lp64_product} {ergonomic}
     bool UseG1GC                                  = true                                      {product} {ergonomic}
     bool UseLargePagesIndividualAllocation        = false                                  {pd product} {ergonomic}

Logging:
Log output configuration:
 #0: stdout all=warning uptime,level,tags
 #1: stderr all=off uptime,level,tags

Environment Variables:
JAVA_HOME=C:\Program Files\Java\jre1.8.0_261\bin
PATH=C:\Program Files (x86)\Common Files\Oracle\Java\javapath;C:\Python38\Scripts\;C:\Python38\;c:\Program Files\Java\jdk-14.0.1\;C:\Program Files\Git\cmd;C:\ProgramData\chocolatey\bin;C:\Program Files\Maven\apache-maven-3.6.3bin;C:\Program Files\apache-maven-3.6.3\bin;C:\Program Files\MySQL\MySQL Shell 8.0\bin\;C:\Program Files\Java\jdk-10.0.2\bin;C:\Users\Assa\AppData\Local\Microsoft\WindowsApps;c:\Program Files\Java\jdk-14.0.1\\bin;C:\Program Files\Maven\apache-maven-3.6.3bin;C:\Program Files\apache-maven-3.6.3\bin;C:\Program Files\Java\jre1.8.0_261\bin;
USERNAME=Assa
OS=Windows_NT
PROCESSOR_IDENTIFIER=Intel64 Family 6 Model 69 Stepping 1, GenuineIntel



---------------  S Y S T E M  ---------------

OS: Windows 10 , 64 bit Build 17763 (10.0.17763.1339)
OS uptime: 0 days 1:11 hours

CPU:total 4 (initial active 4) (2 cores per cpu, 2 threads per core) family 6 model 69 stepping 1, cmov, cx8, fxsr, mmx, sse, sse2, sse3, ssse3, sse4.1, sse4.2, popcnt, avx, avx2, aes, clmul, erms, lzcnt, ht, tsc, tscinvbit, bmi1, bmi2, fma

Memory: 4k page, system-wide physical 7879M (1071M free)
TotalPageFile size 8679M (AvailPageFile size 23M)
current process WorkingSet (physical memory assigned to process): 10M, peak: 10M
current process commit charge ("private bytes"): 52M, peak: 176M

vm_info: Java HotSpot(TM) 64-Bit Server VM (14.0.1+7) for windows-amd64 JRE (14.0.1+7), built on Mar  5 2020 10:30:14 by "mach5one" with MS VC++ 15.9 (VS2017)

END.
